20161225 06:49:06PM,Downloads,INFO    ,SPLICING  : GAS_US    : Quandl and IB PRICE download files DO NOT match
20161225 06:49:06PM,Downloads,INFO    ,SPLICING  : GAS_US    : Using Quandl PRICE download files to splice
20161225 06:49:06PM,Downloads,INFO    ,SPLICING  : GAS_US    : Stitched PRICE saved to file GAS_US_price.csv
20161225 06:49:06PM,Downloads,INFO    ,SPLICING  : GAS_US    : Stitched CARRY saved to file GAS_US_carrydata.csv
20170101 11:40:19PM,Downloads,ERROR   ,SPLICING  : PLAT      , stitch date 2016-12-31 00:00:00, not in legacy PICE file
20170101 11:46:22PM,Downloads,INFO    ,SPLICING  : PLAT      : Quandl and IB PRICE download files match
20170101 11:46:22PM,Downloads,INFO    ,SPLICING  : PLAT      : Using Quandl PRICE download files to splice
20170101 11:46:22PM,Downloads,INFO    ,SPLICING  : PLAT      : Stitched PRICE saved to file PLAT_price.csv
20170101 11:46:23PM,Downloads,INFO    ,SPLICING  : PLAT      : Stitched CARRY saved to file PLAT_carrydata.csv
20170110 12:18:15AM,Downloads,WARNING ,SPLICING  : AEX       , No match for stitch date 2017-01-09 00:00:00, in IB PICE file
20170110 12:18:15AM,Downloads,INFO    ,SPLICING  : AEX       : Using Quandl PRICE download files to splice
20170110 12:18:15AM,Downloads,INFO    ,SPLICING  : AEX       : Stitched PRICE saved to file AEX_price.csv
20170110 12:18:15AM,Downloads,INFO    ,SPLICING  : AEX       : Stitched CARRY saved to file AEX_carrydata.csv
20170112 07:14:21AM,Downloads,INFO    ,SPLICING  : CAC       : Quandl and IB PRICE download files match
20170112 07:14:21AM,Downloads,INFO    ,SPLICING  : CAC       : Using Quandl PRICE download files to splice
20170112 07:14:21AM,Downloads,INFO    ,SPLICING  : CAC       : Stitched PRICE saved to file CAC_price.csv
20170112 07:14:21AM,Downloads,INFO    ,SPLICING  : CAC       : Stitched CARRY saved to file CAC_carrydata.csv
20170113 12:32:01AM,Downloads,ERROR   ,SPLICING  : V2X       , stitch date 2017-01-12 00:00:00, not in legacy PICE file
20170113 12:32:01AM,Downloads,ERROR   ,SPLICING  : VIX       , stitch date 2017-01-12 00:00:00, not in legacy PICE file
20170113 07:13:40AM,Downloads,ERROR   ,SPLICING  : V2X       , stitch date 2017-01-12 00:00:00, not in legacy PICE file
20170113 07:13:40AM,Downloads,ERROR   ,SPLICING  : VIX       , stitch date 2017-01-12 00:00:00, not in legacy PICE file
20170113 07:16:51AM,Downloads,INFO    ,SPLICING  : V2X       : Quandl and IB PRICE download files match
20170113 07:16:52AM,Downloads,INFO    ,SPLICING  : V2X       : Using Quandl PRICE download files to splice
20170113 07:16:52AM,Downloads,INFO    ,SPLICING  : V2X       : Stitched PRICE saved to file V2X_price.csv
20170113 07:16:52AM,Downloads,INFO    ,SPLICING  : V2X       : Stitched CARRY saved to file V2X_carrydata.csv
20170113 07:16:52AM,Downloads,WARNING ,SPLICING  : VIX       , No match for stitch date 2017-01-12 00:00:00, in Quandl PICE file
20170113 07:16:52AM,Downloads,INFO    ,SPLICING  : VIX       : Using IB PRICE download files to splice
20170113 07:16:52AM,Downloads,INFO    ,SPLICING  : VIX       : Stitched PRICE saved to file VIX_price.csv
20170113 07:16:52AM,Downloads,INFO    ,SPLICING  : VIX       : Using IBr CARRY download files to splice
20170113 07:16:52AM,Downloads,INFO    ,SPLICING  : VIX       : Stitched CARRY saved to file VIX_carrydata.csv
20170125 12:24:06AM,Downloads,INFO    ,SPLICING  : GAS_US    : Quandl and IB PRICE download files DO NOT match
20170125 12:24:06AM,Downloads,INFO    ,SPLICING  : GAS_US    : Using Quandl PRICE download files to splice
20170125 12:24:06AM,Downloads,INFO    ,SPLICING  : GAS_US    : Stitched PRICE saved to file GAS_US_price.csv
20170125 12:24:06AM,Downloads,INFO    ,SPLICING  : GAS_US    : Stitched CARRY saved to file GAS_US_carrydata.csv
20170126 07:17:43AM,Downloads,INFO    ,SPLICING  : V2X       : Quandl and IB PRICE download files match
20170126 07:17:43AM,Downloads,INFO    ,SPLICING  : V2X       : Using Quandl PRICE download files to splice
20170126 07:17:43AM,Downloads,INFO    ,SPLICING  : V2X       : Stitched PRICE saved to file V2X_price.csv
20170126 07:17:43AM,Downloads,INFO    ,SPLICING  : V2X       : Stitched CARRY saved to file V2X_carrydata.csv
20170126 07:17:43AM,Downloads,WARNING ,SPLICING  : VIX       , No match for stitch date 2017-01-25 00:00:00, in Quandl PICE file
20170126 07:17:43AM,Downloads,INFO    ,SPLICING  : VIX       : Using IB PRICE download files to splice
20170126 07:17:43AM,Downloads,INFO    ,SPLICING  : VIX       : Stitched PRICE saved to file VIX_price.csv
20170126 07:17:43AM,Downloads,INFO    ,SPLICING  : VIX       : Using IBr CARRY download files to splice
20170126 07:17:43AM,Downloads,INFO    ,SPLICING  : VIX       : Stitched CARRY saved to file VIX_carrydata.csv
